#
# There is insufficient memory for the Java Runtime Environment to continue.
# Native memory allocation (malloc) failed to allocate 1073616 bytes for Chunk::new
# Possible reasons:
#   The system is out of physical RAM or swap space
#   In 32 bit mode, the process size limit was hit
# Possible solutions:
#   Reduce memory load on the system
#   Increase physical memory or swap space
#   Check if swap backing store is full
#   Use 64 bit Java on a 64 bit OS
#   Decrease Java heap size (-Xmx/-Xms)
#   Decrease number of Java threads
#   Decrease Java thread stack sizes (-Xss)
#   Set larger code cache with -XX:ReservedCodeCacheSize=
# This output file may be truncated or incomplete.
#
#  Out of Memory Error (allocation.cpp:390), pid=4012, tid=0x0000000000002100
#
# JRE version: OpenJDK Runtime Environment (8.0_152-b01) (build 1.8.0_152-release-1343-b01)
# Java VM: OpenJDK 64-Bit Server VM (25.152-b01 mixed mode windows-amd64 compressed oops)
# Failed to write core dump. Minidumps are not enabled by default on client versions of Windows
#

---------------  T H R E A D  ---------------

Current thread (0x00000000163e8800):  JavaThread "C2 CompilerThread0" daemon [_thread_in_native, id=8448, stack(0x0000000017a50000,0x0000000017b50000)]

Stack: [0x0000000017a50000,0x0000000017b50000]
[error occurred during error reporting (printing stack bounds), id 0xc0000005]

Native frames: (J=compiled Java code, j=interpreted, Vv=VM code, C=native code)


Current CompileTask:
C2:   6144 3425   !   4       java.util.jar.Attributes::read (380 bytes)


---------------  P R O C E S S  ---------------

Java Threads: ( => current thread )
  0x000000001c7a4800 JavaThread "Cache worker for Build Output Cleanup Cache (C:\Users\tdcong\AndroidStudioProjects\Project\OrderDemo\.gradle\buildOutputCleanup)" [_thread_blocked, id=11192, stack(0x0000000022160000,0x0000000022260000)]
  0x000000001c7a4000 JavaThread "Build operations Thread 4" [_thread_blocked, id=12544, stack(0x0000000021790000,0x0000000021890000)]
  0x000000001c7a3000 JavaThread "Build operations Thread 3" [_thread_blocked, id=5660, stack(0x0000000021690000,0x0000000021790000)]
  0x000000001c7a2800 JavaThread "Build operations Thread 2" [_thread_blocked, id=10400, stack(0x0000000021590000,0x0000000021690000)]
  0x000000001c7a1800 JavaThread "Build operations" [_thread_blocked, id=6796, stack(0x0000000021080000,0x0000000021180000)]
  0x0000000019667000 JavaThread "Cache worker for execution history cache (C:\Users\tdcong\.gradle\caches\5.1.1\executionHistory)" [_thread_blocked, id=408, stack(0x000000001fd40000,0x000000001fe40000)]
  0x0000000019665800 JavaThread "Cache worker for cache directory md-rule (C:\Users\tdcong\.gradle\caches\5.1.1\md-rule)" [_thread_blocked, id=228, stack(0x000000001fc40000,0x000000001fd40000)]
  0x0000000019667800 JavaThread "Cache worker for cache directory md-supplier (C:\Users\tdcong\.gradle\caches\5.1.1\md-supplier)" [_thread_blocked, id=13476, stack(0x000000001fb40000,0x000000001fc40000)]
  0x000000001966a000 JavaThread "Cache worker for file hash cache (C:\Users\tdcong\AndroidStudioProjects\Project\OrderDemo\.gradle\5.1.1\fileHashes)" [_thread_blocked, id=1608, stack(0x000000001c170000,0x000000001c270000)]
  0x000000001966a800 JavaThread "Cache worker for journal cache (C:\Users\tdcong\.gradle\caches\journal-1)" [_thread_blocked, id=11372, stack(0x000000001aea0000,0x000000001afa0000)]
  0x000000001963e000 JavaThread "File lock request listener" [_thread_in_native, id=7860, stack(0x000000001ada0000,0x000000001aea0000)]
  0x000000001965d800 JavaThread "Cache worker for file hash cache (C:\Users\tdcong\.gradle\caches\5.1.1\fileHashes)" [_thread_blocked, id=4112, stack(0x000000001aca0000,0x000000001ada0000)]
  0x00000000194a9000 JavaThread "Thread-8" [_thread_blocked, id=10900, stack(0x000000001aba0000,0x000000001aca0000)]
  0x00000000194ce800 JavaThread "Stdin handler" [_thread_blocked, id=13532, stack(0x000000001aaa0000,0x000000001aba0000)]
  0x00000000194cd000 JavaThread "Asynchronous log dispatcher for DefaultDaemonConnection: socket connection from /127.0.0.1:24969 to /127.0.0.1:24970" [_thread_blocked, id=12956, stack(0x000000001a9a0000,0x000000001aaa0000)]
  0x00000000194a3800 JavaThread "Daemon worker" [_thread_in_vm, id=9908, stack(0x000000001a8a0000,0x000000001a9a0000)]
  0x00000000194a2800 JavaThread "Cancel handler" [_thread_blocked, id=13780, stack(0x000000001a7a0000,0x000000001a8a0000)]
  0x000000001924b000 JavaThread "Handler for socket connection from /127.0.0.1:24969 to /127.0.0.1:24970" [_thread_in_native, id=11112, stack(0x000000001a4a0000,0x000000001a5a0000)]
  0x000000001924a000 JavaThread "Daemon" [_thread_blocked, id=13464, stack(0x000000001a3a0000,0x000000001a4a0000)]
  0x0000000019617000 JavaThread "Daemon periodic checks" [_thread_blocked, id=12992, stack(0x000000001a2a0000,0x000000001a3a0000)]
  0x0000000019398800 JavaThread "Incoming local TCP Connector on port 24969" [_thread_in_native, id=10136, stack(0x000000001a060000,0x000000001a160000)]
  0x0000000017d79800 JavaThread "Service Thread" daemon [_thread_blocked, id=11532, stack(0x0000000018150000,0x0000000018250000)]
  0x0000000016436000 JavaThread "C1 CompilerThread2" daemon [_thread_blocked, id=6528, stack(0x0000000017c50000,0x0000000017d50000)]
  0x00000000163f1000 JavaThread "C2 CompilerThread1" daemon [_thread_in_native, id=7676, stack(0x0000000017b50000,0x0000000017c50000)]
=>0x00000000163e8800 JavaThread "C2 CompilerThread0" daemon [_thread_in_native, id=8448, stack(0x0000000017a50000,0x0000000017b50000)]
  0x00000000163f6800 JavaThread "Attach Listener" daemon [_thread_blocked, id=9932, stack(0x0000000017950000,0x0000000017a50000)]
  0x00000000163f5000 JavaThread "Signal Dispatcher" daemon [_thread_blocked, id=14040, stack(0x0000000017850000,0x0000000017950000)]
  0x0000000002a7b800 JavaThread "Finalizer" daemon [_thread_blocked, id=500, stack(0x0000000017660000,0x0000000017760000)]
  0x0000000002a70800 JavaThread "Reference Handler" daemon [_thread_blocked, id=6600, stack(0x0000000017560000,0x0000000017660000)]
  0x000000000285e000 JavaThread "main" [_thread_blocked, id=6920, stack(0x0000000002880000,0x0000000002980000)]

Other Threads:
  0x00000000163b6000 VMThread [stack: 0x0000000017460000,0x0000000017560000] [id=13960]
  0x000000001644d000 WatcherThread [stack: 0x0000000018250000,0x0000000018350000] [id=14036]

VM state:not at safepoint (normal execution)

VM Mutex/Monitor currently owned by a thread: None

Heap:
 PSYoungGen      total 210944K, used 59219K [0x00000000e0000000, 0x00000000edf00000, 0x0000000100000000)
  eden space 196608K, 30% used [0x00000000e0000000,0x00000000e39d4fb8,0x00000000ec000000)
  from space 14336K, 0% used [0x00000000ed100000,0x00000000ed100000,0x00000000edf00000)
  to   space 15872K, 0% used [0x00000000ec000000,0x00000000ec000000,0x00000000ecf80000)
 ParOldGen       total 110080K, used 17292K [0x00000000a0000000, 0x00000000a6b80000, 0x00000000e0000000)
  object space 110080K, 15% used [0x00000000a0000000,0x00000000a10e3028,0x00000000a6b80000)
 Metaspace       used 41639K, capacity 42514K, committed 42920K, reserved 1085440K
  class space    used 5662K, capacity 5934K, committed 6056K, reserved 1048576K

Card table byte_map: [0x0000000011e40000,0x0000000012150000] byte_map_base: 0x0000000011940000

Marking Bits: (ParMarkBitMap*) 0x0000000057975aa0
 Begin Bits: [0x0000000012750000, 0x0000000013f50000)
 End Bits:   [0x0000000013f50000, 0x0000000015750000)

Polling page: 0x0000000000ba0000

CodeCache: size=245760Kb used=11779Kb max_used=11779Kb free=233980Kb
 bounds [0x0000000002a80000, 0x0000000003610000, 0x0000000011a80000]
 total_blobs=4034 nmethods=3301 adapters=646
 compilation: enabled

Compilation events (10 events):
Event: 6.080 Thread 0x0000000016436000 3502       2       sun.reflect.annotation.AnnotationParser::parseSig (61 bytes)
Event: 6.081 Thread 0x0000000016436000 nmethod 3502 0x00000000035e1010 code [0x00000000035e11e0, 0x00000000035e1828]
Event: 6.081 Thread 0x0000000016436000 3504       2       java.nio.HeapByteBuffer::get (14 bytes)
Event: 6.081 Thread 0x0000000016436000 nmethod 3504 0x00000000035e1c90 code [0x00000000035e1e00, 0x00000000035e2008]
Event: 6.081 Thread 0x0000000016436000 3503       2       java.nio.Buffer::nextGetIndex (31 bytes)
Event: 6.081 Thread 0x0000000016436000 nmethod 3503 0x00000000035e2190 code [0x00000000035e2300, 0x00000000035e24c8]
Event: 6.086 Thread 0x0000000016436000 3505       2       java.net.URL::openConnection (9 bytes)
Event: 6.086 Thread 0x0000000016436000 nmethod 3505 0x00000000035e2810 code [0x00000000035e2980, 0x00000000035e2b08]
Event: 6.097 Thread 0x00000000163f1000 nmethod 3377 0x00000000035e9a90 code [0x00000000035eacc0, 0x00000000035f0010]
Event: 6.097 Thread 0x0000000016436000 3506       2       java.util.LinkedHashMap::get (33 bytes)

GC Heap History (10 events):
Event: 2.724 GC heap before
{Heap before GC invocations=4 (full 0):
 PSYoungGen      total 71680K, used 51822K [0x00000000e0000000, 0x00000000e8c00000, 0x0000000100000000)
  eden space 66560K, 70% used [0x00000000e0000000,0x00000000e2da3aa8,0x00000000e4100000)
  from space 5120K, 99% used [0x00000000e4100000,0x00000000e45f8040,0x00000000e4600000)
  to   space 5120K, 0% used [0x00000000e8700000,0x00000000e8700000,0x00000000e8c00000)
 ParOldGen       total 87552K, used 5461K [0x00000000a0000000, 0x00000000a5580000, 0x00000000e0000000)
  object space 87552K, 6% used [0x00000000a0000000,0x00000000a0555430,0x00000000a5580000)
 Metaspace       used 20725K, capacity 21176K, committed 21296K, reserved 1067008K
  class space    used 2914K, capacity 3125K, committed 3200K, reserved 1048576K
Event: 2.741 GC heap after
Heap after GC invocations=4 (full 0):
 PSYoungGen      total 138240K, used 5108K [0x00000000e0000000, 0x00000000e8c00000, 0x0000000100000000)
  eden space 133120K, 0% used [0x00000000e0000000,0x00000000e0000000,0x00000000e8200000)
  from space 5120K, 99% used [0x00000000e8700000,0x00000000e8bfd040,0x00000000e8c00000)
  to   space 5120K, 0% used [0x00000000e8200000,0x00000000e8200000,0x00000000e8700000)
 ParOldGen       total 87552K, used 11026K [0x00000000a0000000, 0x00000000a5580000, 0x00000000e0000000)
  object space 87552K, 12% used [0x00000000a0000000,0x00000000a0ac48a0,0x00000000a5580000)
 Metaspace       used 20725K, capacity 21176K, committed 21296K, reserved 1067008K
  class space    used 2914K, capacity 3125K, committed 3200K, reserved 1048576K
}
Event: 2.741 GC heap before
{Heap before GC invocations=5 (full 1):
 PSYoungGen      total 138240K, used 5108K [0x00000000e0000000, 0x00000000e8c00000, 0x0000000100000000)
  eden space 133120K, 0% used [0x00000000e0000000,0x00000000e0000000,0x00000000e8200000)
  from space 5120K, 99% used [0x00000000e8700000,0x00000000e8bfd040,0x00000000e8c00000)
  to   space 5120K, 0% used [0x00000000e8200000,0x00000000e8200000,0x00000000e8700000)
 ParOldGen       total 87552K, used 11026K [0x00000000a0000000, 0x00000000a5580000, 0x00000000e0000000)
  object space 87552K, 12% used [0x00000000a0000000,0x00000000a0ac48a0,0x00000000a5580000)
 Metaspace       used 20725K, capacity 21176K, committed 21296K, reserved 1067008K
  class space    used 2914K, capacity 3125K, committed 3200K, reserved 1048576K
Event: 2.782 GC heap after
Heap after GC invocations=5 (full 1):
 PSYoungGen      total 138240K, used 0K [0x00000000e0000000, 0x00000000e8c00000, 0x0000000100000000)
  eden space 133120K, 0% used [0x00000000e0000000,0x00000000e0000000,0x00000000e8200000)
  from space 5120K, 0% used [0x00000000e8700000,0x00000000e8700000,0x00000000e8c00000)
  to   space 5120K, 0% used [0x00000000e8200000,0x00000000e8200000,0x00000000e8700000)
 ParOldGen       total 68608K, used 10665K [0x00000000a0000000, 0x00000000a4300000, 0x00000000e0000000)
  object space 68608K, 15% used [0x00000000a0000000,0x00000000a0a6a550,0x00000000a4300000)
 Metaspace       used 20725K, capacity 21176K, committed 21296K, reserved 1067008K
  class space    used 2914K, capacity 3125K, committed 3200K, reserved 1048576K
}
Event: 4.501 GC heap before
{Heap before GC invocations=6 (full 1):
 PSYoungGen      total 138240K, used 133120K [0x00000000e0000000, 0x00000000e8c00000, 0x0000000100000000)
  eden space 133120K, 100% used [0x00000000e0000000,0x00000000e8200000,0x00000000e8200000)
  from space 5120K, 0% used [0x00000000e8700000,0x00000000e8700000,0x00000000e8c00000)
  to   space 5120K, 0% used [0x00000000e8200000,0x00000000e8200000,0x00000000e8700000)
 ParOldGen       total 68608K, used 10665K [0x00000000a0000000, 0x00000000a4300000, 0x00000000e0000000)
  object space 68608K, 15% used [0x00000000a0000000,0x00000000a0a6a550,0x00000000a4300000)
 Metaspace       used 32284K, capacity 32878K, committed 33152K, reserved 1077248K
  class space    used 4446K, capacity 4643K, committed 4736K, reserved 1048576K
Event: 4.522 GC heap after
Heap after GC invocations=6 (full 1):
 PSYoungGen      total 138240K, used 5120K [0x00000000e0000000, 0x00000000ee100000, 0x0000000100000000)
  eden space 133120K, 0% used [0x00000000e0000000,0x00000000e0000000,0x00000000e8200000)
  from space 5120K, 100% used [0x00000000e8200000,0x00000000e8700000,0x00000000e8700000)
  to   space 16384K, 0% used [0x00000000ed100000,0x00000000ed100000,0x00000000ee100000)
 ParOldGen       total 68608K, used 19168K [0x00000000a0000000, 0x00000000a4300000, 0x00000000e0000000)
  object space 68608K, 27% used [0x00000000a0000000,0x00000000a12b8110,0x00000000a4300000)
 Metaspace       used 32284K, capacity 32878K, committed 33152K, reserved 1077248K
  class space    used 4446K, capacity 4643K, committed 4736K, reserved 1048576K
}
Event: 5.313 GC heap before
{Heap before GC invocations=7 (full 1):
 PSYoungGen      total 138240K, used 58997K [0x00000000e0000000, 0x00000000ee100000, 0x0000000100000000)
  eden space 133120K, 40% used [0x00000000e0000000,0x00000000e349d640,0x00000000e8200000)
  from space 5120K, 100% used [0x00000000e8200000,0x00000000e8700000,0x00000000e8700000)
  to   space 16384K, 0% used [0x00000000ed100000,0x00000000ed100000,0x00000000ee100000)
 ParOldGen       total 68608K, used 19168K [0x00000000a0000000, 0x00000000a4300000, 0x00000000e0000000)
  object space 68608K, 27% used [0x00000000a0000000,0x00000000a12b8110,0x00000000a4300000)
 Metaspace       used 34727K, capacity 35426K, committed 35496K, reserved 1079296K
  class space    used 4789K, capacity 5005K, committed 5032K, reserved 1048576K
Event: 5.323 GC heap after
Heap after GC invocations=7 (full 1):
 PSYoungGen      total 210944K, used 9589K [0x00000000e0000000, 0x00000000edf00000, 0x0000000100000000)
  eden space 196608K, 0% used [0x00000000e0000000,0x00000000e0000000,0x00000000ec000000)
  from space 14336K, 66% used [0x00000000ed100000,0x00000000eda5d638,0x00000000edf00000)
  to   space 15872K, 0% used [0x00000000ec000000,0x00000000ec000000,0x00000000ecf80000)
 ParOldGen       total 68608K, used 19176K [0x00000000a0000000, 0x00000000a4300000, 0x00000000e0000000)
  object space 68608K, 27% used [0x00000000a0000000,0x00000000a12ba110,0x00000000a4300000)
 Metaspace       used 34727K, capacity 35426K, committed 35496K, reserved 1079296K
  class space    used 4789K, capacity 5005K, committed 5032K, reserved 1048576K
}
Event: 5.323 GC heap before
{Heap before GC invocations=8 (full 2):
 PSYoungGen      total 210944K, used 9589K [0x00000000e0000000, 0x00000000edf00000, 0x0000000100000000)
  eden space 196608K, 0% used [0x00000000e0000000,0x00000000e0000000,0x00000000ec000000)
  from space 14336K, 66% used [0x00000000ed100000,0x00000000eda5d638,0x00000000edf00000)
  to   space 15872K, 0% used [0x00000000ec000000,0x00000000ec000000,0x00000000ecf80000)
 ParOldGen       total 68608K, used 19176K [0x00000000a0000000, 0x00000000a4300000, 0x00000000e0000000)
  object space 68608K, 27% used [0x00000000a0000000,0x00000000a12ba110,0x00000000a4300000)
 Metaspace       used 34727K, capacity 35426K, committed 35496K, reserved 1079296K
  class space    used 4789K, capacity 5005K, committed 5032K, reserved 1048576K
Event: 5.403 GC heap after
Heap after GC invocations=8 (full 2):
 PSYoungGen      total 210944K, used 0K [0x00000000e0000000, 0x00000000edf00000, 0x0000000100000000)
  eden space 196608K, 0% used [0x00000000e0000000,0x00000000e0000000,0x00000000ec000000)
  from space 14336K, 0% used [0x00000000ed100000,0x00000000ed100000,0x00000000edf00000)
  to   space 15872K, 0% used [0x00000000ec000000,0x00000000ec000000,0x00000000ecf80000)
 ParOldGen       total 110080K, used 17292K [0x00000000a0000000, 0x00000000a6b80000, 0x00000000e0000000)
  object space 110080K, 15% used [0x00000000a0000000,0x00000000a10e3028,0x00000000a6b80000)
 Metaspace       used 34720K, capacity 35402K, committed 35496K, reserved 1079296K
  class space    used 4787K, capacity 5001K, committed 5032K, reserved 1048576K
}

Deoptimization events (10 events):
Event: 5.308 Thread 0x00000000194a3800 Uncommon trap: reason=class_check action=maybe_recompile pc=0x00000000032c315c method=java.io.BufferedInputStream.read1([BII)I @ 39
Event: 5.474 Thread 0x00000000194a3800 Uncommon trap: reason=predicate action=maybe_recompile pc=0x00000000033893a8 method=java.util.Arrays.binarySearch0([Ljava/lang/Object;IILjava/lang/Object;Ljava/util/Comparator;)I @ 28
Event: 5.510 Thread 0x00000000194a3800 Uncommon trap: reason=unstable_if action=reinterpret pc=0x000000000300fbe0 method=sun.misc.MetaIndex.mayContain(Ljava/lang/String;)Z @ 38
Event: 5.919 Thread 0x00000000194a3800 Uncommon trap: reason=unstable_if action=reinterpret pc=0x0000000002f51b8c method=java.util.jar.Attributes$Name.isDigit(C)Z @ 3
Event: 5.926 Thread 0x00000000194a3800 Uncommon trap: reason=unstable_if action=reinterpret pc=0x0000000002bf8620 method=java.lang.ThreadLocal.get()Ljava/lang/Object; @ 11
Event: 5.935 Thread 0x00000000194a3800 Uncommon trap: reason=unstable_if action=reinterpret pc=0x000000000352cedc method=java.util.HashMap.putVal(ILjava/lang/Object;Ljava/lang/Object;ZZ)Ljava/lang/Object; @ 236
Event: 5.947 Thread 0x00000000194a3800 Uncommon trap: reason=unstable_if action=reinterpret pc=0x0000000002f1bd3c method=java.lang.CharacterDataLatin1.isWhitespace(I)Z @ 14
Event: 5.995 Thread 0x00000000194a3800 Uncommon trap: reason=unstable_if action=reinterpret pc=0x0000000002d4472c method=java.util.jar.JarFile.getInputStream(Ljava/util/zip/ZipEntry;)Ljava/io/InputStream; @ 37
Event: 5.997 Thread 0x00000000194a3800 Uncommon trap: reason=unstable_if action=reinterpret pc=0x000000000354542c method=java.security.CodeSource.getCertificates()[Ljava/security/cert/Certificate; @ 22
Event: 6.023 Thread 0x00000000194a3800 Uncommon trap: reason=unstable_if action=reinterpret pc=0x0000000003561c50 method=java.util.LinkedHashMap.get(Ljava/lang/Object;)Ljava/lang/Object; @ 20

Classes redefined (0 events):
No events

Internal exceptions (10 events):
Event: 5.174 Thread 0x00000000194a3800 Exception <a 'java/lang/ClassNotFoundException': org/gradle/api/internal/AbstractTaskBeanInfo> (0x00000000e2b7b990) thrown at [D:\src\AOSP-openjdk-cygwin\jdk8u\hotspot\src\share\vm\classfile\systemDictionary.cpp, line 210]
Event: 5.175 Thread 0x00000000194a3800 Exception <a 'java/lang/ClassNotFoundException': org/gradle/api/internal/AbstractTaskCustomizer> (0x00000000e2babbc0) thrown at [D:\src\AOSP-openjdk-cygwin\jdk8u\hotspot\src\share\vm\classfile\systemDictionary.cpp, line 210]
Event: 5.178 Thread 0x00000000194a3800 Exception <a 'java/lang/ClassNotFoundException': org/gradle/api/DefaultTaskCustomizer> (0x00000000e2c35bf8) thrown at [D:\src\AOSP-openjdk-cygwin\jdk8u\hotspot\src\share\vm\classfile\systemDictionary.cpp, line 210]
Event: 5.179 Thread 0x00000000194a3800 Exception <a 'java/lang/ClassNotFoundException': org/gradle/api/internal/ConventionTaskCustomizer> (0x00000000e2c75010) thrown at [D:\src\AOSP-openjdk-cygwin\jdk8u\hotspot\src\share\vm\classfile\systemDictionary.cpp, line 210]
Event: 5.180 Thread 0x00000000194a3800 Exception <a 'java/lang/ClassNotFoundException': org/gradle/api/tasks/DeleteCustomizer> (0x00000000e2cb0cd8) thrown at [D:\src\AOSP-openjdk-cygwin\jdk8u\hotspot\src\share\vm\classfile\systemDictionary.cpp, line 210]
Event: 5.184 Thread 0x00000000194a3800 Exception <a 'java/lang/ClassNotFoundException': org/gradle/api/tasks/Delete_DecoratedCustomizer> (0x00000000e2cf9ae0) thrown at [D:\src\AOSP-openjdk-cygwin\jdk8u\hotspot\src\share\vm\classfile\systemDictionary.cpp, line 210]
Event: 5.236 Thread 0x00000000194a3800 Exception <a 'java/lang/ClassNotFoundException': build_ds5xwx50uu6xh2ya9602f1ha8BeanInfo> (0x00000000e2df5ab8) thrown at [D:\src\AOSP-openjdk-cygwin\jdk8u\hotspot\src\share\vm\classfile\systemDictionary.cpp, line 210]
Event: 5.236 Thread 0x00000000194a3800 Exception <a 'java/lang/ClassNotFoundException': build_ds5xwx50uu6xh2ya9602f1ha8Customizer> (0x00000000e2e00d28) thrown at [D:\src\AOSP-openjdk-cygwin\jdk8u\hotspot\src\share\vm\classfile\systemDictionary.cpp, line 210]
Event: 5.752 Thread 0x00000000194a3800 Exception <a 'sun/nio/fs/WindowsException'> (0x00000000e19aaf80) thrown at [D:\src\AOSP-openjdk-cygwin\jdk8u\hotspot\src\share\vm\prims\jni.cpp, line 709]
Event: 5.926 Thread 0x00000000194a3800 Implicit null exception at 0x0000000002bf80e8 to 0x0000000002bf8609

Events (10 events):
Event: 6.094 loading class org/gradle/api/Incubating
Event: 6.094 loading class org/gradle/api/Incubating done
Event: 6.094 loading class org/gradle/api/tasks/Internal
Event: 6.094 loading class org/gradle/api/tasks/Internal done
Event: 6.094 loading class kotlin/annotation/AnnotationRetention
Event: 6.094 loading class kotlin/annotation/AnnotationRetention done
Event: 6.096 loading class kotlin/annotation/AnnotationTarget
Event: 6.096 loading class kotlin/annotation/AnnotationTarget done
Event: 6.096 loading class kotlin/annotation/MustBeDocumented
Event: 6.096 loading class kotlin/annotation/MustBeDocumented done


Dynamic libraries:
0x00007ff64abd0000 - 0x00007ff64ac01000 	C:\Program Files\Android\Android Studio\jre\bin\java.exe
0x00007ffb075c0000 - 0x00007ffb077a1000 	C:\WINDOWS\SYSTEM32\ntdll.dll
0x00007ffb06110000 - 0x00007ffb061c2000 	C:\WINDOWS\System32\KERNEL32.DLL
0x00007ffb044d0000 - 0x00007ffb04743000 	C:\WINDOWS\System32\KERNELBASE.dll
0x00007ffb07020000 - 0x00007ffb070c1000 	C:\WINDOWS\System32\ADVAPI32.dll
0x00007ffb068e0000 - 0x00007ffb0697e000 	C:\WINDOWS\System32\msvcrt.dll
0x00007ffb07280000 - 0x00007ffb072db000 	C:\WINDOWS\System32\sechost.dll
0x00007ffb04af0000 - 0x00007ffb04c14000 	C:\WINDOWS\System32\RPCRT4.dll
0x00007ffb072e0000 - 0x00007ffb07470000 	C:\WINDOWS\System32\USER32.dll
0x00007ffb04900000 - 0x00007ffb04920000 	C:\WINDOWS\System32\win32u.dll
0x00007ffb04c20000 - 0x00007ffb04c48000 	C:\WINDOWS\System32\GDI32.dll
0x00007ffb04070000 - 0x00007ffb04202000 	C:\WINDOWS\System32\gdi32full.dll
0x00007ffb04800000 - 0x00007ffb0489f000 	C:\WINDOWS\System32\msvcp_win.dll
0x00007ffb04920000 - 0x00007ffb04a1a000 	C:\WINDOWS\System32\ucrtbase.dll
0x00007ffaf5880000 - 0x00007ffaf5ae9000 	C:\WINDOWS\WinSxS\amd64_microsoft.windows.common-controls_6595b64144ccf1df_6.0.17134.523_none_fb409dd930672a56\COMCTL32.dll
0x00007ffb061d0000 - 0x00007ffb064f2000 	C:\WINDOWS\System32\combase.dll
0x00007ffb04400000 - 0x00007ffb0447a000 	C:\WINDOWS\System32\bcryptPrimitives.dll
0x00007ffb070d0000 - 0x00007ffb070fd000 	C:\WINDOWS\System32\IMM32.DLL
0x0000000056ff0000 - 0x00000000570c2000 	C:\Program Files\Android\Android Studio\jre\jre\bin\msvcr100.dll
0x00000000571b0000 - 0x00000000579f1000 	C:\Program Files\Android\Android Studio\jre\jre\bin\server\jvm.dll
0x00007ffb04c50000 - 0x00007ffb04c58000 	C:\WINDOWS\System32\PSAPI.DLL
0x00007ffb00610000 - 0x00007ffb00633000 	C:\WINDOWS\SYSTEM32\WINMM.dll
0x00007ffaf77d0000 - 0x00007ffaf77da000 	C:\WINDOWS\SYSTEM32\VERSION.dll
0x00007ffaf8d50000 - 0x00007ffaf8d59000 	C:\WINDOWS\SYSTEM32\WSOCK32.dll
0x00007ffb00490000 - 0x00007ffb004ba000 	C:\WINDOWS\SYSTEM32\WINMMBASE.dll
0x00007ffb06800000 - 0x00007ffb0686c000 	C:\WINDOWS\System32\WS2_32.dll
0x00007ffb04480000 - 0x00007ffb044c9000 	C:\WINDOWS\System32\cfgmgr32.dll
0x00007ffaf8bf0000 - 0x00007ffaf8bff000 	C:\Program Files\Android\Android Studio\jre\jre\bin\verify.dll
0x00007ffaf7c40000 - 0x00007ffaf7c69000 	C:\Program Files\Android\Android Studio\jre\jre\bin\java.dll
0x00007ffaf88f0000 - 0x00007ffaf8906000 	C:\Program Files\Android\Android Studio\jre\jre\bin\zip.dll
0x00007ffb04c60000 - 0x00007ffb060a0000 	C:\WINDOWS\System32\SHELL32.dll
0x00007ffb06980000 - 0x00007ffb06a29000 	C:\WINDOWS\System32\shcore.dll
0x00007ffb03960000 - 0x00007ffb0406d000 	C:\WINDOWS\System32\windows.storage.dll
0x00007ffb060a0000 - 0x00007ffb060f1000 	C:\WINDOWS\System32\shlwapi.dll
0x00007ffb03940000 - 0x00007ffb03951000 	C:\WINDOWS\System32\kernel.appcore.dll
0x00007ffb038b0000 - 0x00007ffb038cf000 	C:\WINDOWS\System32\profapi.dll
0x00007ffb038d0000 - 0x00007ffb0391c000 	C:\WINDOWS\System32\powrprof.dll
0x00007ffb038a0000 - 0x00007ffb038aa000 	C:\WINDOWS\System32\FLTLIB.DLL
0x00007ffaf84c0000 - 0x00007ffaf84da000 	C:\Program Files\Android\Android Studio\jre\jre\bin\net.dll
0x00007ffb030c0000 - 0x00007ffb03126000 	C:\WINDOWS\system32\mswsock.dll
0x00007ffaf8250000 - 0x00007ffaf8261000 	C:\Program Files\Android\Android Studio\jre\jre\bin\nio.dll
0x00007ffafcf20000 - 0x00007ffafcf3e000 	C:\Users\tdcong\.gradle\native\25\windows-amd64\native-platform.dll
0x00007ffaf8be0000 - 0x00007ffaf8bed000 	C:\Program Files\Android\Android Studio\jre\jre\bin\management.dll
0x00007ffb03270000 - 0x00007ffb03287000 	C:\WINDOWS\SYSTEM32\CRYPTSP.dll
0x00007ffb02ca0000 - 0x00007ffb02cd3000 	C:\WINDOWS\system32\rsaenh.dll
0x00007ffb033a0000 - 0x00007ffb033c5000 	C:\WINDOWS\SYSTEM32\bcrypt.dll
0x00007ffb037d0000 - 0x00007ffb037f8000 	C:\WINDOWS\SYSTEM32\USERENV.dll
0x00007ffb03290000 - 0x00007ffb0329b000 	C:\WINDOWS\SYSTEM32\CRYPTBASE.dll
0x00007ffb02e40000 - 0x00007ffb02e78000 	C:\WINDOWS\SYSTEM32\IPHLPAPI.DLL
0x00007ffb06100000 - 0x00007ffb06108000 	C:\WINDOWS\System32\NSI.dll
0x00007ffb012e0000 - 0x00007ffb012f6000 	C:\WINDOWS\SYSTEM32\dhcpcsvc6.DLL
0x00007ffb01270000 - 0x00007ffb0128a000 	C:\WINDOWS\SYSTEM32\dhcpcsvc.DLL

VM Arguments:
jvm_args: -Xmx1536m -Dfile.encoding=windows-1252 -Duser.country=US -Duser.language=en -Duser.variant 
java_command: org.gradle.launcher.daemon.bootstrap.GradleDaemon 5.1.1
java_class_path (initial): C:\Users\tdcong\.gradle\wrapper\dists\gradle-5.1.1-all\97z1ksx6lirer3kbvdnh7jtjg\gradle-5.1.1\lib\gradle-launcher-5.1.1.jar
Launcher Type: SUN_STANDARD

Environment Variables:
PATH=C:\Program Files\Common Files\Microsoft Shared\Microsoft Online Services;C:\Program Files (x86)\Common Files\Microsoft Shared\Microsoft Online Services;C:\WINDOWS\system32;C:\WINDOWS;C:\WINDOWS\System32\Wbem;C:\WINDOWS\System32\WindowsPowerShell\v1.0\;C:\Program Files\dotnet\;C:\Program Files\Microsoft SQL Server\130\Tools\Binn\;C:\WINDOWS\System32\OpenSSH\;C:\Program Files (x86)\Microsoft SQL Server\Client SDK\ODBC\130\Tools\Binn\;C:\Program Files (x86)\Microsoft SQL Server\140\Tools\Binn\;C:\Program Files (x86)\Microsoft SQL Server\140\DTS\Binn\;C:\Program Files (x86)\Microsoft SQL Server\140\Tools\Binn\ManagementStudio\;C:\Program Files\PuTTY\;C:\WINDOWS\system32\config\systemprofile\.dnx\bin;C:\Program Files\Microsoft DNX\Dnvm\;C:\Program Files\Microsoft SQL Server\120\Tools\Binn\;C:\Program Files\Microsoft SQL Server\Client SDK\ODBC\130\Tools\Binn\;C:\Program Files (x86)\Microsoft SQL Server\100\Tools\Binn\;C:\Program Files (x86)\Microsoft SQL Server\100\DTS\Binn\;E:\dxtruong\php;C:\Program Files\Git\cmd;C:\Program Files\TortoiseGit\bin;C:\Users\tdcong\AppData\Local\Microsoft\WindowsApps;
USERNAME=tdcong
OS=Windows_NT
PROCESSOR_IDENTIFIER=Intel64 Family 6 Model 60 Stepping 3, GenuineIntel



---------------  S Y S T E M  ---------------

OS: Windows 10.0 , 64 bit Build 17134 (10.0.17134.1)

CPU:total 4 (initial active 4) (2 cores per cpu, 2 threads per core) family 6 model 60 stepping 3, cmov, cx8, fxsr, mmx, sse, sse2, sse3, ssse3, sse4.1, sse4.2, popcnt, avx, avx2, aes, clmul, erms, lzcnt, ht, tsc, tscinvbit, bmi1, bmi2

Memory: 4k page, physical 8286748k(436388k free), swap 8286748k(11240k free)

vm_info: OpenJDK 64-Bit Server VM (25.152-b01) for windows-amd64 JRE (1.8.0_152-release-1343-b01), built by "builder" with MS VC++ 10.0 (VS2010)

time: Fri May 17 14:29:31 2019
elapsed time: 6 seconds (0d 0h 0m 6s)

