#
# There is insufficient memory for the Java Runtime Environment to continue.
# Native memory allocation (malloc) failed to allocate 1964656 bytes for Chunk::new
# Possible reasons:
#   The system is out of physical RAM or swap space
#   In 32 bit mode, the process size limit was hit
# Possible solutions:
#   Reduce memory load on the system
#   Increase physical memory or swap space
#   Check if swap backing store is full
#   Use 64 bit Java on a 64 bit OS
#   Decrease Java heap size (-Xmx/-Xms)
#   Decrease number of Java threads
#   Decrease Java thread stack sizes (-Xss)
#   Set larger code cache with -XX:ReservedCodeCacheSize=
# This output file may be truncated or incomplete.
#
#  Out of Memory Error (allocation.cpp:390), pid=13320, tid=0x00000000000020cc
#
# JRE version: OpenJDK Runtime Environment (8.0_152-b01) (build 1.8.0_152-release-1343-b01)
# Java VM: OpenJDK 64-Bit Server VM (25.152-b01 mixed mode windows-amd64 compressed oops)
# Failed to write core dump. Minidumps are not enabled by default on client versions of Windows
#

---------------  T H R E A D  ---------------

Current thread (0x00000000165aa800):  JavaThread "C2 CompilerThread0" daemon [_thread_in_native, id=8396, stack(0x0000000017c00000,0x0000000017d00000)]

Stack: [0x0000000017c00000,0x0000000017d00000]
[error occurred during error reporting (printing stack bounds), id 0xc0000005]

Native frames: (J=compiled Java code, j=interpreted, Vv=VM code, C=native code)


Current CompileTask:
C2:2419364 19971       4       com.sun.imageio.plugins.png.PNGImageWriter::encodePass (1063 bytes)


---------------  P R O C E S S  ---------------

Java Threads: ( => current thread )
  0x0000000020b06000 JavaThread "stdout" daemon [_thread_in_native, id=2480, stack(0x000000002e500000,0x000000002e600000)]
  0x0000000020b05000 JavaThread "stderr" daemon [_thread_in_native, id=128, stack(0x000000002e400000,0x000000002e500000)]
  0x0000000020b04800 JavaThread "stdout" daemon [_thread_in_native, id=14152, stack(0x000000002e300000,0x000000002e400000)]
  0x0000000020b03800 JavaThread "stderr" daemon [_thread_in_native, id=14328, stack(0x000000002e200000,0x000000002e300000)]
  0x0000000020b03000 JavaThread "stdout" daemon [_thread_in_native, id=10968, stack(0x000000002e100000,0x000000002e200000)]
  0x0000000020b01800 JavaThread "stderr" daemon [_thread_in_native, id=5360, stack(0x000000002e000000,0x000000002e100000)]
  0x0000000020af9800 JavaThread "pool-26-thread-1" [_thread_blocked, id=9692, stack(0x000000002df00000,0x000000002e000000)]
  0x0000000020b00800 JavaThread "ForkJoinPool.commonPool-worker-2" daemon [_thread_blocked, id=11660, stack(0x000000002de00000,0x000000002df00000)]
  0x0000000020afe000 JavaThread "ForkJoinPool.commonPool-worker-1" daemon [_thread_blocked, id=7536, stack(0x000000002dd00000,0x000000002de00000)]
  0x0000000020afd800 JavaThread "ForkJoinPool.commonPool-worker-0" daemon [_thread_blocked, id=8624, stack(0x000000002dc00000,0x000000002dd00000)]
  0x0000000020afc000 JavaThread "Cache worker for execution history cache (C:\Users\tdcong\AndroidStudioProjects\Project\OrderDemo\.gradle\5.1.1\executionHistory)" [_thread_blocked, id=1864, stack(0x000000002db00000,0x000000002dc00000)]
  0x0000000020afb000 JavaThread "Execution worker for ':' Thread 3" [_thread_blocked, id=11832, stack(0x000000002da00000,0x000000002db00000)]
  0x0000000020afa800 JavaThread "Execution worker for ':' Thread 2" [_thread_blocked, id=6788, stack(0x000000002d900000,0x000000002da00000)]
  0x0000000020b00000 JavaThread "Execution worker for ':'" [_thread_blocked, id=6288, stack(0x000000002d800000,0x000000002d900000)]
  0x0000000020af9000 JavaThread "Cache worker for file content cache (C:\Users\tdcong\AndroidStudioProjects\Project\OrderDemo\.gradle\5.1.1\fileContent)" [_thread_blocked, id=13644, stack(0x000000002d700000,0x000000002d800000)]
  0x000000001cd8c800 JavaThread "Cache worker for Build Output Cleanup Cache (C:\Users\tdcong\AndroidStudioProjects\Project\OrderDemo\.gradle\buildOutputCleanup)" [_thread_blocked, id=14300, stack(0x000000002d600000,0x000000002d700000)]
  0x000000001cd8c000 JavaThread "Build operations Thread 4" [_thread_blocked, id=13648, stack(0x000000002d500000,0x000000002d600000)]
  0x000000001cd83800 JavaThread "Build operations Thread 3" [_thread_blocked, id=2820, stack(0x000000002d400000,0x000000002d500000)]
  0x000000001cd8a800 JavaThread "Build operations Thread 2" [_thread_blocked, id=7988, stack(0x000000002d300000,0x000000002d400000)]
  0x000000001cd83000 JavaThread "Build operations" [_thread_blocked, id=9180, stack(0x000000002d200000,0x000000002d300000)]
  0x000000001cd89800 JavaThread "Cache worker for cache directory md-rule (C:\Users\tdcong\.gradle\caches\5.1.1\md-rule)" [_thread_blocked, id=8504, stack(0x000000002d100000,0x000000002d200000)]
  0x000000001cd88000 JavaThread "Cache worker for cache directory md-supplier (C:\Users\tdcong\.gradle\caches\5.1.1\md-supplier)" [_thread_blocked, id=4484, stack(0x000000002d000000,0x000000002d100000)]
  0x000000001cd89000 JavaThread "Cache worker for file hash cache (C:\Users\tdcong\AndroidStudioProjects\Project\OrderDemo\.gradle\5.1.1\fileHashes)" [_thread_blocked, id=5092, stack(0x000000002cf00000,0x000000002d000000)]
  0x000000001cd84800 JavaThread "Thread-90" [_thread_blocked, id=7252, stack(0x000000002ce00000,0x000000002cf00000)]
  0x000000001cd80800 JavaThread "Stdin handler" [_thread_blocked, id=6632, stack(0x000000002cd00000,0x000000002ce00000)]
  0x000000001cd80000 JavaThread "Asynchronous log dispatcher for DefaultDaemonConnection: socket connection from /127.0.0.1:25038 to /127.0.0.1:27602" [_thread_blocked, id=9132, stack(0x000000002cc00000,0x000000002cd00000)]
  0x000000001cd86800 JavaThread "Daemon worker Thread 4" [_thread_blocked, id=672, stack(0x000000002cb00000,0x000000002cc00000)]
  0x000000001cd86000 JavaThread "Cancel handler" [_thread_blocked, id=11260, stack(0x000000002ca00000,0x000000002cb00000)]
  0x000000001cd82000 JavaThread "Handler for socket connection from /127.0.0.1:25038 to /127.0.0.1:27602" [_thread_in_native, id=12024, stack(0x000000002c900000,0x000000002ca00000)]
  0x000000001cd81800 JavaThread "Daemon Thread 4" [_thread_blocked, id=7556, stack(0x000000002c800000,0x000000002c900000)]
  0x00000000188f6000 JavaThread "Cache worker for Java compile cache (C:\Users\tdcong\.gradle\caches\5.1.1\javaCompile)" [_thread_blocked, id=11608, stack(0x0000000028530000,0x0000000028630000)]
  0x00000000188f6800 JavaThread "MarlinRenderer Disposer" daemon [_thread_blocked, id=9192, stack(0x0000000027d30000,0x0000000027e30000)]
  0x00000000188f5000 JavaThread "Java2D Disposer" daemon [_thread_blocked, id=4864, stack(0x0000000027c30000,0x0000000027d30000)]
  0x00000000188fc000 JavaThread "Cache worker for file content cache (C:\Users\tdcong\.gradle\caches\5.1.1\fileContent)" [_thread_blocked, id=1916, stack(0x0000000025530000,0x0000000025630000)]
  0x000000001b405800 JavaThread "Memory manager" [_thread_blocked, id=11444, stack(0x0000000022560000,0x0000000022660000)]
  0x0000000019619800 JavaThread "Cache worker for execution history cache (C:\Users\tdcong\.gradle\caches\5.1.1\executionHistory)" [_thread_blocked, id=5892, stack(0x000000001ff80000,0x0000000020080000)]
  0x000000001961b000 JavaThread "Cache worker for journal cache (C:\Users\tdcong\.gradle\caches\journal-1)" [_thread_blocked, id=5832, stack(0x000000001b050000,0x000000001b150000)]
  0x000000001961c800 JavaThread "File lock request listener" [_thread_in_native, id=14304, stack(0x000000001af50000,0x000000001b050000)]
  0x00000000192b8800 JavaThread "Cache worker for file hash cache (C:\Users\tdcong\.gradle\caches\5.1.1\fileHashes)" [_thread_blocked, id=7640, stack(0x000000001ae50000,0x000000001af50000)]
  0x000000001975a800 JavaThread "Daemon periodic checks" [_thread_blocked, id=8024, stack(0x000000001a450000,0x000000001a550000)]
  0x00000000196d1800 JavaThread "Incoming local TCP Connector on port 25038" [_thread_in_native, id=8856, stack(0x000000001a210000,0x000000001a310000)]
  0x000000001660d000 JavaThread "Service Thread" daemon [_thread_blocked, id=11520, stack(0x0000000018300000,0x0000000018400000)]
  0x00000000165f5800 JavaThread "C1 CompilerThread2" daemon [_thread_blocked, id=13432, stack(0x0000000017e00000,0x0000000017f00000)]
  0x00000000165b2800 JavaThread "C2 CompilerThread1" daemon [_thread_blocked, id=10324, stack(0x0000000017d00000,0x0000000017e00000)]
=>0x00000000165aa800 JavaThread "C2 CompilerThread0" daemon [_thread_in_native, id=8396, stack(0x0000000017c00000,0x0000000017d00000)]
  0x00000000165b8800 JavaThread "Attach Listener" daemon [_thread_blocked, id=12148, stack(0x0000000017b00000,0x0000000017c00000)]
  0x00000000165b7000 JavaThread "Signal Dispatcher" daemon [_thread_blocked, id=7752, stack(0x0000000017a00000,0x0000000017b00000)]
  0x0000000002c3d000 JavaThread "Finalizer" daemon [_thread_blocked, id=11244, stack(0x0000000017810000,0x0000000017910000)]
  0x0000000002c30800 JavaThread "Reference Handler" daemon [_thread_blocked, id=9148, stack(0x0000000017710000,0x0000000017810000)]
  0x0000000002b3e000 JavaThread "main" [_thread_blocked, id=7432, stack(0x0000000002960000,0x0000000002a60000)]

Other Threads:
  0x0000000016576000 VMThread [stack: 0x0000000017610000,0x0000000017710000] [id=14316]
  0x0000000017f19000 WatcherThread [stack: 0x0000000018400000,0x0000000018500000] [id=740]

VM state:not at safepoint (normal execution)

VM Mutex/Monitor currently owned by a thread: None

Heap:
 PSYoungGen      total 360960K, used 323174K [0x00000000e0000000, 0x00000000f7580000, 0x0000000100000000)
  eden space 339456K, 88% used [0x00000000e0000000,0x00000000f269ccb8,0x00000000f4b80000)
  from space 21504K, 99% used [0x00000000f4b80000,0x00000000f607cc30,0x00000000f6080000)
  to   space 20992K, 0% used [0x00000000f6100000,0x00000000f6100000,0x00000000f7580000)
 ParOldGen       total 163840K, used 56821K [0x00000000a0000000, 0x00000000aa000000, 0x00000000e0000000)
  object space 163840K, 34% used [0x00000000a0000000,0x00000000a377d6c0,0x00000000aa000000)
 Metaspace       used 95658K, capacity 99406K, committed 100632K, reserved 1136640K
  class space    used 12056K, capacity 12790K, committed 13096K, reserved 1048576K

Card table byte_map: [0x0000000012000000,0x0000000012310000] byte_map_base: 0x0000000011b00000

Marking Bits: (ParMarkBitMap*) 0x0000000057975aa0
 Begin Bits: [0x0000000012910000, 0x0000000014110000)
 End Bits:   [0x0000000014110000, 0x0000000015910000)

Polling page: 0x0000000002940000

CodeCache: size=245760Kb used=52783Kb max_used=52851Kb free=192976Kb
 bounds [0x0000000002c40000, 0x0000000006090000, 0x0000000011c40000]
 total_blobs=16908 nmethods=15910 adapters=908
 compilation: enabled

Compilation events (10 events):
Event: 2418.796 Thread 0x00000000165b2800 19983       4       java.util.concurrent.ConcurrentLinkedQueue::add (6 bytes)
Event: 2418.800 Thread 0x00000000165b2800 nmethod 19983 0x0000000004dd3fd0 code [0x0000000004dd4120, 0x0000000004dd4318]
Event: 2418.801 Thread 0x00000000165b2800 19996       4       com.google.common.collect.CompactHashMap$MapEntry::getValue (29 bytes)
Event: 2418.804 Thread 0x00000000165b2800 nmethod 19996 0x00000000030b8f50 code [0x00000000030b90a0, 0x00000000030b9258]
Event: 2418.805 Thread 0x00000000165b2800 19982   !   4       org.gradle.launcher.daemon.server.SynchronizedDispatchConnection::dispatch (98 bytes)
Event: 2418.824 Thread 0x00000000165b2800 nmethod 19982 0x0000000004dd0250 code [0x0000000004dd0440, 0x0000000004dd0e88]
Event: 2418.825 Thread 0x00000000165b2800 19935       4       org.gradle.cache.internal.DefaultCacheAccess$UnitOfWorkFileAccess::writeFile (14 bytes)
Event: 2418.837 Thread 0x00000000165b2800 nmethod 19935 0x0000000004dd6190 code [0x0000000004dd6360, 0x0000000004dd6910]
Event: 2418.839 Thread 0x00000000165b2800 20006       4       java.util.LinkedHashMap$Entry::<init> (10 bytes)
Event: 2418.840 Thread 0x00000000165b2800 nmethod 20006 0x00000000043b97d0 code [0x00000000043b9900, 0x00000000043b9998]

GC Heap History (10 events):
Event: 2004.200 GC heap before
{Heap before GC invocations=19 (full 3):
 PSYoungGen      total 256000K, used 247672K [0x00000000e0000000, 0x00000000f4a00000, 0x0000000100000000)
  eden space 239104K, 100% used [0x00000000e0000000,0x00000000ee980000,0x00000000ee980000)
  from space 16896K, 50% used [0x00000000ee980000,0x00000000ef1de110,0x00000000efa00000)
  to   space 15872K, 0% used [0x00000000f3a80000,0x00000000f3a80000,0x00000000f4a00000)
 ParOldGen       total 112640K, used 38819K [0x00000000a0000000, 0x00000000a6e00000, 0x00000000e0000000)
  object space 112640K, 34% used [0x00000000a0000000,0x00000000a25e8e50,0x00000000a6e00000)
 Metaspace       used 81450K, capacity 84186K, committed 84504K, reserved 1122304K
  class space    used 10410K, capacity 11043K, committed 11048K, reserved 1048576K
Event: 2004.228 GC heap after
Heap after GC invocations=19 (full 3):
 PSYoungGen      total 311808K, used 14012K [0x00000000e0000000, 0x00000000f4880000, 0x0000000100000000)
  eden space 297472K, 0% used [0x00000000e0000000,0x00000000e0000000,0x00000000f2280000)
  from space 14336K, 97% used [0x00000000f3a80000,0x00000000f482f0b8,0x00000000f4880000)
  to   space 17408K, 0% used [0x00000000f2680000,0x00000000f2680000,0x00000000f3780000)
 ParOldGen       total 112640K, used 38827K [0x00000000a0000000, 0x00000000a6e00000, 0x00000000e0000000)
  object space 112640K, 34% used [0x00000000a0000000,0x00000000a25eae50,0x00000000a6e00000)
 Metaspace       used 81450K, capacity 84186K, committed 84504K, reserved 1122304K
  class space    used 10410K, capacity 11043K, committed 11048K, reserved 1048576K
}
Event: 2011.824 GC heap before
{Heap before GC invocations=20 (full 3):
 PSYoungGen      total 311808K, used 311484K [0x00000000e0000000, 0x00000000f4880000, 0x0000000100000000)
  eden space 297472K, 100% used [0x00000000e0000000,0x00000000f2280000,0x00000000f2280000)
  from space 14336K, 97% used [0x00000000f3a80000,0x00000000f482f0b8,0x00000000f4880000)
  to   space 17408K, 0% used [0x00000000f2680000,0x00000000f2680000,0x00000000f3780000)
 ParOldGen       total 112640K, used 38827K [0x00000000a0000000, 0x00000000a6e00000, 0x00000000e0000000)
  object space 112640K, 34% used [0x00000000a0000000,0x00000000a25eae50,0x00000000a6e00000)
 Metaspace       used 93361K, capacity 97458K, committed 97560K, reserved 1134592K
  class space    used 11929K, capacity 12780K, committed 12840K, reserved 1048576K
Event: 2011.851 GC heap after
Heap after GC invocations=20 (full 3):
 PSYoungGen      total 318976K, used 17379K [0x00000000e0000000, 0x00000000f7700000, 0x0000000100000000)
  eden space 301568K, 0% used [0x00000000e0000000,0x00000000e0000000,0x00000000f2680000)
  from space 17408K, 99% used [0x00000000f2680000,0x00000000f3778cf8,0x00000000f3780000)
  to   space 22528K, 0% used [0x00000000f6100000,0x00000000f6100000,0x00000000f7700000)
 ParOldGen       total 112640K, used 46633K [0x00000000a0000000, 0x00000000a6e00000, 0x00000000e0000000)
  object space 112640K, 41% used [0x00000000a0000000,0x00000000a2d8a590,0x00000000a6e00000)
 Metaspace       used 93361K, capacity 97458K, committed 97560K, reserved 1134592K
  class space    used 11929K, capacity 12780K, committed 12840K, reserved 1048576K
}
Event: 2013.388 GC heap before
{Heap before GC invocations=21 (full 3):
 PSYoungGen      total 318976K, used 55376K [0x00000000e0000000, 0x00000000f7700000, 0x0000000100000000)
  eden space 301568K, 12% used [0x00000000e0000000,0x00000000e251b500,0x00000000f2680000)
  from space 17408K, 99% used [0x00000000f2680000,0x00000000f3778cf8,0x00000000f3780000)
  to   space 22528K, 0% used [0x00000000f6100000,0x00000000f6100000,0x00000000f7700000)
 ParOldGen       total 112640K, used 46633K [0x00000000a0000000, 0x00000000a6e00000, 0x00000000e0000000)
  object space 112640K, 41% used [0x00000000a0000000,0x00000000a2d8a590,0x00000000a6e00000)
 Metaspace       used 94423K, capacity 98452K, committed 98600K, reserved 1134592K
  class space    used 12041K, capacity 12865K, committed 12968K, reserved 1048576K
Event: 2013.404 GC heap after
Heap after GC invocations=21 (full 3):
 PSYoungGen      total 360448K, used 8120K [0x00000000e0000000, 0x00000000f7580000, 0x0000000100000000)
  eden space 339456K, 0% used [0x00000000e0000000,0x00000000e0000000,0x00000000f4b80000)
  from space 20992K, 38% used [0x00000000f6100000,0x00000000f68ee0b0,0x00000000f7580000)
  to   space 21504K, 0% used [0x00000000f4b80000,0x00000000f4b80000,0x00000000f6080000)
 ParOldGen       total 112640K, used 55312K [0x00000000a0000000, 0x00000000a6e00000, 0x00000000e0000000)
  object space 112640K, 49% used [0x00000000a0000000,0x00000000a36041a0,0x00000000a6e00000)
 Metaspace       used 94423K, capacity 98452K, committed 98600K, reserved 1134592K
  class space    used 12041K, capacity 12865K, committed 12968K, reserved 1048576K
}
Event: 2013.404 GC heap before
{Heap before GC invocations=22 (full 4):
 PSYoungGen      total 360448K, used 8120K [0x00000000e0000000, 0x00000000f7580000, 0x0000000100000000)
  eden space 339456K, 0% used [0x00000000e0000000,0x00000000e0000000,0x00000000f4b80000)
  from space 20992K, 38% used [0x00000000f6100000,0x00000000f68ee0b0,0x00000000f7580000)
  to   space 21504K, 0% used [0x00000000f4b80000,0x00000000f4b80000,0x00000000f6080000)
 ParOldGen       total 112640K, used 55312K [0x00000000a0000000, 0x00000000a6e00000, 0x00000000e0000000)
  object space 112640K, 49% used [0x00000000a0000000,0x00000000a36041a0,0x00000000a6e00000)
 Metaspace       used 94423K, capacity 98452K, committed 98600K, reserved 1134592K
  class space    used 12041K, capacity 12865K, committed 12968K, reserved 1048576K
Event: 2013.660 GC heap after
Heap after GC invocations=22 (full 4):
 PSYoungGen      total 360448K, used 0K [0x00000000e0000000, 0x00000000f7580000, 0x0000000100000000)
  eden space 339456K, 0% used [0x00000000e0000000,0x00000000e0000000,0x00000000f4b80000)
  from space 20992K, 0% used [0x00000000f6100000,0x00000000f6100000,0x00000000f7580000)
  to   space 21504K, 0% used [0x00000000f4b80000,0x00000000f4b80000,0x00000000f6080000)
 ParOldGen       total 163840K, used 43518K [0x00000000a0000000, 0x00000000aa000000, 0x00000000e0000000)
  object space 163840K, 26% used [0x00000000a0000000,0x00000000a2a7faa8,0x00000000aa000000)
 Metaspace       used 92590K, capacity 95698K, committed 98600K, reserved 1134592K
  class space    used 11756K, capacity 12386K, committed 12968K, reserved 1048576K
}
Event: 2260.590 GC heap before
{Heap before GC invocations=23 (full 4):
 PSYoungGen      total 360448K, used 339456K [0x00000000e0000000, 0x00000000f7580000, 0x0000000100000000)
  eden space 339456K, 100% used [0x00000000e0000000,0x00000000f4b80000,0x00000000f4b80000)
  from space 20992K, 0% used [0x00000000f6100000,0x00000000f6100000,0x00000000f7580000)
  to   space 21504K, 0% used [0x00000000f4b80000,0x00000000f4b80000,0x00000000f6080000)
 ParOldGen       total 163840K, used 43518K [0x00000000a0000000, 0x00000000aa000000, 0x00000000e0000000)
  object space 163840K, 26% used [0x00000000a0000000,0x00000000a2a7faa8,0x00000000aa000000)
 Metaspace       used 94803K, capacity 98276K, committed 99480K, reserved 1136640K
  class space    used 12014K, capacity 12713K, committed 12968K, reserved 1048576K
Event: 2260.643 GC heap after
Heap after GC invocations=23 (full 4):
 PSYoungGen      total 360960K, used 21491K [0x00000000e0000000, 0x00000000f7580000, 0x0000000100000000)
  eden space 339456K, 0% used [0x00000000e0000000,0x00000000e0000000,0x00000000f4b80000)
  from space 21504K, 99% used [0x00000000f4b80000,0x00000000f607cc30,0x00000000f6080000)
  to   space 20992K, 0% used [0x00000000f6100000,0x00000000f6100000,0x00000000f7580000)
 ParOldGen       total 163840K, used 56821K [0x00000000a0000000, 0x00000000aa000000, 0x00000000e0000000)
  object space 163840K, 34% used [0x00000000a0000000,0x00000000a377d6c0,0x00000000aa000000)
 Metaspace       used 94803K, capacity 98276K, committed 99480K, reserved 1136640K
  class space    used 12014K, capacity 12713K, committed 12968K, reserved 1048576K
}

Deoptimization events (10 events):
Event: 2263.215 Thread 0x000000001cd8c000 Uncommon trap: reason=unstable_if action=reinterpret pc=0x0000000004ce01b4 method=java.lang.String$CaseInsensitiveComparator.compare(Ljava/lang/String;Ljava/lang/String;)I @ 70
Event: 2263.216 Thread 0x000000001cd82000 Uncommon trap: reason=unstable_if action=reinterpret pc=0x000000000585f190 method=com.android.tools.r8.ir.regalloc.LinearScanRegisterAllocator.allocateSingleInterval(Lcom/android/tools/r8/ir/regalloc/LiveIntervals;Lcom/android/tools/r8/ir/regalloc/LinearS
Event: 2264.187 Thread 0x0000000020afd800 Uncommon trap: reason=unstable_if action=reinterpret pc=0x000000000426becc method=org.slf4j.helpers.MessageFormatter.deeplyAppendParameter(Ljava/lang/StringBuilder;Ljava/lang/Object;Ljava/util/Map;)V @ 1
Event: 2415.839 Thread 0x00000000196d1800 Uncommon trap: reason=unstable_if action=reinterpret pc=0x00000000041af98c method=java.text.SimpleDateFormat.zeroPaddingNumber(IIILjava/lang/StringBuffer;)V @ 41
Event: 2415.839 Thread 0x00000000196d1800 Uncommon trap: reason=unstable_if action=reinterpret pc=0x0000000004271ff4 method=java.text.DecimalFormat.subformat(Ljava/lang/StringBuffer;Ljava/text/Format$FieldDelegate;ZZIIII)Ljava/lang/StringBuffer; @ 814
Event: 2415.872 Thread 0x000000001cd82000 Uncommon trap: reason=class_check action=maybe_recompile pc=0x0000000004c44960 method=java.lang.reflect.Array.newInstance(Ljava/lang/Class;I)Ljava/lang/Object; @ 2
Event: 2415.874 Thread 0x000000001cd82000 Uncommon trap: reason=unstable_if action=reinterpret pc=0x00000000041a4730 method=java.text.SimpleDateFormat.zeroPaddingNumber(IIILjava/lang/StringBuffer;)V @ 41
Event: 2415.920 Thread 0x000000001cd80800 Uncommon trap: reason=unstable_if action=reinterpret pc=0x0000000003979018 method=org.gradle.internal.logging.sink.OutputEventRenderer.onOutput(Lorg/gradle/internal/logging/events/OutputEvent;)V @ 24
Event: 2416.773 Thread 0x000000001cd86800 Uncommon trap: reason=bimorphic action=maybe_recompile pc=0x0000000004c8d92c method=com.google.common.collect.ImmutableList$1.get(I)Ljava/lang/Object; @ 5
Event: 2417.254 Thread 0x000000001cd8c000 Uncommon trap: reason=unstable_if action=reinterpret pc=0x0000000005a98918 method=com.google.common.cache.LongAdder.add(J)V @ 95

Classes redefined (0 events):
No events

Internal exceptions (10 events):
Event: 2256.779 Thread 0x0000000020afa800 Exception <a 'sun/nio/fs/WindowsException'> (0x00000000e711d128) thrown at [D:\src\AOSP-openjdk-cygwin\jdk8u\hotspot\src\share\vm\prims\jni.cpp, line 709]
Event: 2260.133 Thread 0x000000001cd81800 Implicit null exception at 0x00000000051554b1 to 0x0000000005158515
Event: 2260.647 Thread 0x000000001cd81800 Implicit null exception at 0x0000000004dafc75 to 0x0000000004db0369
Event: 2262.496 Thread 0x0000000020afa800 Exception <a 'sun/nio/fs/WindowsException'> (0x00000000e5a97928) thrown at [D:\src\AOSP-openjdk-cygwin\jdk8u\hotspot\src\share\vm\prims\jni.cpp, line 709]
Event: 2263.192 Thread 0x000000001cd82000 Exception <a 'sun/nio/fs/WindowsException'> (0x00000000e78242b8) thrown at [D:\src\AOSP-openjdk-cygwin\jdk8u\hotspot\src\share\vm\prims\jni.cpp, line 709]
Event: 2263.409 Thread 0x000000001cd82000 Exception <a 'sun/nio/fs/WindowsException'> (0x00000000e90e5c90) thrown at [D:\src\AOSP-openjdk-cygwin\jdk8u\hotspot\src\share\vm\prims\jni.cpp, line 709]
Event: 2263.610 Thread 0x000000001cd88000 Exception <a 'sun/nio/fs/WindowsException'> (0x00000000e9579600) thrown at [D:\src\AOSP-openjdk-cygwin\jdk8u\hotspot\src\share\vm\prims\jni.cpp, line 709]
Event: 2263.693 Thread 0x000000001cd86800 Exception <a 'sun/nio/fs/WindowsException'> (0x00000000e9ada2d0) thrown at [D:\src\AOSP-openjdk-cygwin\jdk8u\hotspot\src\share\vm\prims\jni.cpp, line 709]
Event: 2264.187 Thread 0x0000000020afd800 Implicit null exception at 0x000000000426ba19 to 0x000000000426beb1
Event: 2416.129 Thread 0x000000001cd86800 Exception <a 'sun/nio/fs/WindowsException'> (0x00000000ecb6fd18) thrown at [D:\src\AOSP-openjdk-cygwin\jdk8u\hotspot\src\share\vm\prims\jni.cpp, line 709]

Events (10 events):
Event: 2418.444 Executing VM operation: RevokeBias
Event: 2418.444 Executing VM operation: RevokeBias done
Event: 2418.506 Executing VM operation: RevokeBias
Event: 2418.506 Executing VM operation: RevokeBias done
Event: 2418.618 Executing VM operation: RevokeBias
Event: 2418.618 Executing VM operation: RevokeBias done
Event: 2418.618 Executing VM operation: RevokeBias
Event: 2418.618 Executing VM operation: RevokeBias done
Event: 2418.801 Thread 0x00000000165b2800 flushing nmethod 0x00000000030b8150
Event: 2418.840 Thread 0x00000000165b2800 flushing nmethod 0x0000000003a42250


Dynamic libraries:
0x00007ff64abd0000 - 0x00007ff64ac01000 	C:\Program Files\Android\Android Studio\jre\bin\java.exe
0x00007ffb075c0000 - 0x00007ffb077a1000 	C:\WINDOWS\SYSTEM32\ntdll.dll
0x00007ffb06110000 - 0x00007ffb061c2000 	C:\WINDOWS\System32\KERNEL32.DLL
0x00007ffb044d0000 - 0x00007ffb04743000 	C:\WINDOWS\System32\KERNELBASE.dll
0x00007ffb07020000 - 0x00007ffb070c1000 	C:\WINDOWS\System32\ADVAPI32.dll
0x00007ffb068e0000 - 0x00007ffb0697e000 	C:\WINDOWS\System32\msvcrt.dll
0x00007ffb07280000 - 0x00007ffb072db000 	C:\WINDOWS\System32\sechost.dll
0x00007ffb04af0000 - 0x00007ffb04c14000 	C:\WINDOWS\System32\RPCRT4.dll
0x00007ffb072e0000 - 0x00007ffb07470000 	C:\WINDOWS\System32\USER32.dll
0x00007ffb04900000 - 0x00007ffb04920000 	C:\WINDOWS\System32\win32u.dll
0x00007ffb04c20000 - 0x00007ffb04c48000 	C:\WINDOWS\System32\GDI32.dll
0x00007ffb04070000 - 0x00007ffb04202000 	C:\WINDOWS\System32\gdi32full.dll
0x00007ffb04800000 - 0x00007ffb0489f000 	C:\WINDOWS\System32\msvcp_win.dll
0x00007ffb04920000 - 0x00007ffb04a1a000 	C:\WINDOWS\System32\ucrtbase.dll
0x00007ffaf5880000 - 0x00007ffaf5ae9000 	C:\WINDOWS\WinSxS\amd64_microsoft.windows.common-controls_6595b64144ccf1df_6.0.17134.523_none_fb409dd930672a56\COMCTL32.dll
0x00007ffb061d0000 - 0x00007ffb064f2000 	C:\WINDOWS\System32\combase.dll
0x00007ffb04400000 - 0x00007ffb0447a000 	C:\WINDOWS\System32\bcryptPrimitives.dll
0x00007ffb070d0000 - 0x00007ffb070fd000 	C:\WINDOWS\System32\IMM32.DLL
0x0000000056ff0000 - 0x00000000570c2000 	C:\Program Files\Android\Android Studio\jre\jre\bin\msvcr100.dll
0x00000000571b0000 - 0x00000000579f1000 	C:\Program Files\Android\Android Studio\jre\jre\bin\server\jvm.dll
0x00007ffb04c50000 - 0x00007ffb04c58000 	C:\WINDOWS\System32\PSAPI.DLL
0x00007ffaf77d0000 - 0x00007ffaf77da000 	C:\WINDOWS\SYSTEM32\VERSION.dll
0x00007ffaf8d50000 - 0x00007ffaf8d59000 	C:\WINDOWS\SYSTEM32\WSOCK32.dll
0x00007ffb00610000 - 0x00007ffb00633000 	C:\WINDOWS\SYSTEM32\WINMM.dll
0x00007ffb06800000 - 0x00007ffb0686c000 	C:\WINDOWS\System32\WS2_32.dll
0x00007ffb00490000 - 0x00007ffb004ba000 	C:\WINDOWS\SYSTEM32\winmmbase.dll
0x00007ffb04480000 - 0x00007ffb044c9000 	C:\WINDOWS\System32\cfgmgr32.dll
0x00007ffaf8bf0000 - 0x00007ffaf8bff000 	C:\Program Files\Android\Android Studio\jre\jre\bin\verify.dll
0x00007ffaf7c40000 - 0x00007ffaf7c69000 	C:\Program Files\Android\Android Studio\jre\jre\bin\java.dll
0x00007ffaf88f0000 - 0x00007ffaf8906000 	C:\Program Files\Android\Android Studio\jre\jre\bin\zip.dll
0x00007ffb04c60000 - 0x00007ffb060a0000 	C:\WINDOWS\System32\SHELL32.dll
0x00007ffb06980000 - 0x00007ffb06a29000 	C:\WINDOWS\System32\shcore.dll
0x00007ffb03960000 - 0x00007ffb0406d000 	C:\WINDOWS\System32\windows.storage.dll
0x00007ffb060a0000 - 0x00007ffb060f1000 	C:\WINDOWS\System32\shlwapi.dll
0x00007ffb03940000 - 0x00007ffb03951000 	C:\WINDOWS\System32\kernel.appcore.dll
0x00007ffb038b0000 - 0x00007ffb038cf000 	C:\WINDOWS\System32\profapi.dll
0x00007ffb038d0000 - 0x00007ffb0391c000 	C:\WINDOWS\System32\powrprof.dll
0x00007ffb038a0000 - 0x00007ffb038aa000 	C:\WINDOWS\System32\FLTLIB.DLL
0x00007ffaf84c0000 - 0x00007ffaf84da000 	C:\Program Files\Android\Android Studio\jre\jre\bin\net.dll
0x00007ffb030c0000 - 0x00007ffb03126000 	C:\WINDOWS\system32\mswsock.dll
0x00007ffaf8250000 - 0x00007ffaf8261000 	C:\Program Files\Android\Android Studio\jre\jre\bin\nio.dll
0x00007ffafcf20000 - 0x00007ffafcf3e000 	C:\Users\tdcong\.gradle\native\25\windows-amd64\native-platform.dll
0x00007ffaf8be0000 - 0x00007ffaf8bed000 	C:\Program Files\Android\Android Studio\jre\jre\bin\management.dll
0x00007ffb03270000 - 0x00007ffb03287000 	C:\WINDOWS\SYSTEM32\CRYPTSP.dll
0x00007ffb02ca0000 - 0x00007ffb02cd3000 	C:\WINDOWS\system32\rsaenh.dll
0x00007ffb033a0000 - 0x00007ffb033c5000 	C:\WINDOWS\SYSTEM32\bcrypt.dll
0x00007ffb037d0000 - 0x00007ffb037f8000 	C:\WINDOWS\SYSTEM32\USERENV.dll
0x00007ffb03290000 - 0x00007ffb0329b000 	C:\WINDOWS\SYSTEM32\CRYPTBASE.dll
0x00007ffb02e40000 - 0x00007ffb02e78000 	C:\WINDOWS\SYSTEM32\IPHLPAPI.DLL
0x00007ffb06100000 - 0x00007ffb06108000 	C:\WINDOWS\System32\NSI.dll
0x00007ffb012e0000 - 0x00007ffb012f6000 	C:\WINDOWS\SYSTEM32\dhcpcsvc6.DLL
0x00007ffb01270000 - 0x00007ffb0128a000 	C:\WINDOWS\SYSTEM32\dhcpcsvc.DLL
0x00007ffacead0000 - 0x00007ffacec68000 	C:\Program Files\Android\Android Studio\jre\jre\bin\awt.dll
0x00007ffb04a20000 - 0x00007ffb04ae2000 	C:\WINDOWS\System32\OLEAUT32.dll
0x00007ffafe630000 - 0x00007ffafebf7000 	C:\WINDOWS\SYSTEM32\d2d1.dll
0x00007ffb00700000 - 0x00007ffb0078b000 	C:\WINDOWS\SYSTEM32\apphelp.dll
0x00007ffb01d30000 - 0x00007ffb01d59000 	C:\WINDOWS\system32\DWMAPI.DLL
0x00007ffb01a50000 - 0x00007ffb01ae8000 	C:\WINDOWS\system32\uxtheme.dll

VM Arguments:
jvm_args: -Xmx1536m -Dfile.encoding=windows-1252 -Duser.country=US -Duser.language=en -Duser.variant 
java_command: org.gradle.launcher.daemon.bootstrap.GradleDaemon 5.1.1
java_class_path (initial): C:\Users\tdcong\.gradle\wrapper\dists\gradle-5.1.1-all\97z1ksx6lirer3kbvdnh7jtjg\gradle-5.1.1\lib\gradle-launcher-5.1.1.jar
Launcher Type: SUN_STANDARD

Environment Variables:
PATH=C:\Program Files\Common Files\Microsoft Shared\Microsoft Online Services;C:\Program Files (x86)\Common Files\Microsoft Shared\Microsoft Online Services;C:\WINDOWS\system32;C:\WINDOWS;C:\WINDOWS\System32\Wbem;C:\WINDOWS\System32\WindowsPowerShell\v1.0\;C:\Program Files\dotnet\;C:\Program Files\Microsoft SQL Server\130\Tools\Binn\;C:\WINDOWS\System32\OpenSSH\;C:\Program Files (x86)\Microsoft SQL Server\Client SDK\ODBC\130\Tools\Binn\;C:\Program Files (x86)\Microsoft SQL Server\140\Tools\Binn\;C:\Program Files (x86)\Microsoft SQL Server\140\DTS\Binn\;C:\Program Files (x86)\Microsoft SQL Server\140\Tools\Binn\ManagementStudio\;C:\Program Files\PuTTY\;C:\WINDOWS\system32\config\systemprofile\.dnx\bin;C:\Program Files\Microsoft DNX\Dnvm\;C:\Program Files\Microsoft SQL Server\120\Tools\Binn\;C:\Program Files\Microsoft SQL Server\Client SDK\ODBC\130\Tools\Binn\;C:\Program Files (x86)\Microsoft SQL Server\100\Tools\Binn\;C:\Program Files (x86)\Microsoft SQL Server\100\DTS\Binn\;E:\dxtruong\php;C:\Program Files\Git\cmd;C:\Program Files\TortoiseGit\bin;C:\Users\tdcong\AppData\Local\Microsoft\WindowsApps;
USERNAME=tdcong
OS=Windows_NT
PROCESSOR_IDENTIFIER=Intel64 Family 6 Model 60 Stepping 3, GenuineIntel



---------------  S Y S T E M  ---------------

OS: Windows 10.0 , 64 bit Build 17134 (10.0.17134.1)

CPU:total 4 (initial active 4) (2 cores per cpu, 2 threads per core) family 6 model 60 stepping 3, cmov, cx8, fxsr, mmx, sse, sse2, sse3, ssse3, sse4.1, sse4.2, popcnt, avx, avx2, aes, clmul, erms, lzcnt, ht, tsc, tscinvbit, bmi1, bmi2

Memory: 4k page, physical 8286748k(308992k free), swap 8286748k(6608k free)

vm_info: OpenJDK 64-Bit Server VM (25.152-b01) for windows-amd64 JRE (1.8.0_152-release-1343-b01), built by "builder" with MS VC++ 10.0 (VS2010)

time: Fri May 17 15:10:40 2019
elapsed time: 2419 seconds (0d 0h 40m 19s)

